{"/var/www/html/poil-o-pattes/projet-poil-o-pattes-front/src/actions/products.js": {"path":"/var/www/html/poil-o-pattes/projet-poil-o-pattes-front/src/actions/products.js","statementMap":{"0":{"start":{"line":1,"column":30},"end":{"line":1,"column":46}},"1":{"start":{"line":2,"column":29},"end":{"line":4,"column":2}},"2":{"start":{"line":2,"column":36},"end":{"line":4,"column":1}},"3":{"start":{"line":6,"column":33},"end":{"line":6,"column":52}},"4":{"start":{"line":7,"column":31},"end":{"line":10,"column":2}},"5":{"start":{"line":7,"column":46},"end":{"line":10,"column":1}}},"fnMap":{"0":{"name":"(anonymous_0)","decl":{"start":{"line":2,"column":29},"end":{"line":2,"column":30}},"loc":{"start":{"line":2,"column":36},"end":{"line":4,"column":1}},"line":2},"1":{"name":"(anonymous_1)","decl":{"start":{"line":7,"column":31},"end":{"line":7,"column":32}},"loc":{"start":{"line":7,"column":46},"end":{"line":10,"column":1}},"line":7}},"branchMap":{},"s":{"0":1,"1":1,"2":0,"3":1,"4":1,"5":1},"f":{"0":0,"1":1},"b":{},"_coverageSchema":"1a1c01bbd47fc00a2c39e90264f33305004495a9","hash":"43402962bb066a3eb07c96c7dc91662555326d7b"}
,"/var/www/html/poil-o-pattes/projet-poil-o-pattes-front/src/actions/services.js": {"path":"/var/www/html/poil-o-pattes/projet-poil-o-pattes-front/src/actions/services.js","statementMap":{"0":{"start":{"line":1,"column":30},"end":{"line":1,"column":46}},"1":{"start":{"line":2,"column":29},"end":{"line":4,"column":2}},"2":{"start":{"line":2,"column":36},"end":{"line":4,"column":1}},"3":{"start":{"line":6,"column":33},"end":{"line":6,"column":52}},"4":{"start":{"line":7,"column":31},"end":{"line":10,"column":2}},"5":{"start":{"line":7,"column":46},"end":{"line":10,"column":1}}},"fnMap":{"0":{"name":"(anonymous_0)","decl":{"start":{"line":2,"column":29},"end":{"line":2,"column":30}},"loc":{"start":{"line":2,"column":36},"end":{"line":4,"column":1}},"line":2},"1":{"name":"(anonymous_1)","decl":{"start":{"line":7,"column":31},"end":{"line":7,"column":32}},"loc":{"start":{"line":7,"column":46},"end":{"line":10,"column":1}},"line":7}},"branchMap":{},"s":{"0":1,"1":1,"2":0,"3":1,"4":1,"5":1},"f":{"0":0,"1":1},"b":{},"_coverageSchema":"1a1c01bbd47fc00a2c39e90264f33305004495a9","hash":"34cb3230622e88df790c4519139843c1f1d987b0"}
,"/var/www/html/poil-o-pattes/projet-poil-o-pattes-front/src/actions/times.js": {"path":"/var/www/html/poil-o-pattes/projet-poil-o-pattes-front/src/actions/times.js","statementMap":{"0":{"start":{"line":1,"column":26},"end":{"line":1,"column":38}},"1":{"start":{"line":2,"column":25},"end":{"line":4,"column":2}},"2":{"start":{"line":2,"column":32},"end":{"line":4,"column":1}},"3":{"start":{"line":6,"column":29},"end":{"line":6,"column":44}},"4":{"start":{"line":7,"column":27},"end":{"line":10,"column":2}},"5":{"start":{"line":7,"column":39},"end":{"line":10,"column":1}}},"fnMap":{"0":{"name":"(anonymous_0)","decl":{"start":{"line":2,"column":25},"end":{"line":2,"column":26}},"loc":{"start":{"line":2,"column":32},"end":{"line":4,"column":1}},"line":2},"1":{"name":"(anonymous_1)","decl":{"start":{"line":7,"column":27},"end":{"line":7,"column":28}},"loc":{"start":{"line":7,"column":39},"end":{"line":10,"column":1}},"line":7}},"branchMap":{},"s":{"0":1,"1":1,"2":0,"3":1,"4":1,"5":1},"f":{"0":0,"1":1},"b":{},"_coverageSchema":"1a1c01bbd47fc00a2c39e90264f33305004495a9","hash":"666474d99b785cb6787214126c647553f3f4f342"}
,"/var/www/html/poil-o-pattes/projet-poil-o-pattes-front/src/reducers/products.js": {"path":"/var/www/html/poil-o-pattes/projet-poil-o-pattes-front/src/reducers/products.js","statementMap":{"0":{"start":{"line":3,"column":28},"end":{"line":6,"column":1}},"1":{"start":{"line":8,"column":16},"end":{"line":20,"column":1}},"2":{"start":{"line":9,"column":2},"end":{"line":19,"column":3}},"3":{"start":{"line":11,"column":6},"end":{"line":15,"column":8}},"4":{"start":{"line":18,"column":6},"end":{"line":18,"column":19}}},"fnMap":{"0":{"name":"(anonymous_0)","decl":{"start":{"line":8,"column":16},"end":{"line":8,"column":17}},"loc":{"start":{"line":8,"column":55},"end":{"line":20,"column":1}},"line":8}},"branchMap":{"0":{"loc":{"start":{"line":8,"column":17},"end":{"line":8,"column":37}},"type":"default-arg","locations":[{"start":{"line":8,"column":25},"end":{"line":8,"column":37}}],"line":8},"1":{"loc":{"start":{"line":8,"column":39},"end":{"line":8,"column":50}},"type":"default-arg","locations":[{"start":{"line":8,"column":48},"end":{"line":8,"column":50}}],"line":8},"2":{"loc":{"start":{"line":9,"column":2},"end":{"line":19,"column":3}},"type":"switch","locations":[{"start":{"line":10,"column":4},"end":{"line":15,"column":8}},{"start":{"line":17,"column":4},"end":{"line":18,"column":19}}],"line":9}},"s":{"0":1,"1":1,"2":2,"3":1,"4":1},"f":{"0":2},"b":{"0":[1],"1":[1],"2":[1,1]},"_coverageSchema":"1a1c01bbd47fc00a2c39e90264f33305004495a9","hash":"6a3bde46dfa8d592fe4556b45700a4b8740c480c"}
,"/var/www/html/poil-o-pattes/projet-poil-o-pattes-front/src/reducers/services.js": {"path":"/var/www/html/poil-o-pattes/projet-poil-o-pattes-front/src/reducers/services.js","statementMap":{"0":{"start":{"line":3,"column":28},"end":{"line":6,"column":1}},"1":{"start":{"line":8,"column":16},"end":{"line":20,"column":1}},"2":{"start":{"line":9,"column":2},"end":{"line":19,"column":3}},"3":{"start":{"line":11,"column":6},"end":{"line":15,"column":8}},"4":{"start":{"line":18,"column":6},"end":{"line":18,"column":19}}},"fnMap":{"0":{"name":"(anonymous_0)","decl":{"start":{"line":8,"column":16},"end":{"line":8,"column":17}},"loc":{"start":{"line":8,"column":55},"end":{"line":20,"column":1}},"line":8}},"branchMap":{"0":{"loc":{"start":{"line":8,"column":17},"end":{"line":8,"column":37}},"type":"default-arg","locations":[{"start":{"line":8,"column":25},"end":{"line":8,"column":37}}],"line":8},"1":{"loc":{"start":{"line":8,"column":39},"end":{"line":8,"column":50}},"type":"default-arg","locations":[{"start":{"line":8,"column":48},"end":{"line":8,"column":50}}],"line":8},"2":{"loc":{"start":{"line":9,"column":2},"end":{"line":19,"column":3}},"type":"switch","locations":[{"start":{"line":10,"column":4},"end":{"line":15,"column":8}},{"start":{"line":17,"column":4},"end":{"line":18,"column":19}}],"line":9}},"s":{"0":1,"1":1,"2":2,"3":1,"4":1},"f":{"0":2},"b":{"0":[1],"1":[1],"2":[1,1]},"_coverageSchema":"1a1c01bbd47fc00a2c39e90264f33305004495a9","hash":"aa6ff3f4036807fff6ac5e48e22dbc285aa64454"}
,"/var/www/html/poil-o-pattes/projet-poil-o-pattes-front/src/reducers/times.js": {"path":"/var/www/html/poil-o-pattes/projet-poil-o-pattes-front/src/reducers/times.js","statementMap":{"0":{"start":{"line":3,"column":28},"end":{"line":6,"column":1}},"1":{"start":{"line":8,"column":16},"end":{"line":20,"column":1}},"2":{"start":{"line":9,"column":2},"end":{"line":19,"column":3}},"3":{"start":{"line":11,"column":6},"end":{"line":15,"column":8}},"4":{"start":{"line":18,"column":6},"end":{"line":18,"column":19}}},"fnMap":{"0":{"name":"(anonymous_0)","decl":{"start":{"line":8,"column":16},"end":{"line":8,"column":17}},"loc":{"start":{"line":8,"column":55},"end":{"line":20,"column":1}},"line":8}},"branchMap":{"0":{"loc":{"start":{"line":8,"column":17},"end":{"line":8,"column":37}},"type":"default-arg","locations":[{"start":{"line":8,"column":25},"end":{"line":8,"column":37}}],"line":8},"1":{"loc":{"start":{"line":8,"column":39},"end":{"line":8,"column":50}},"type":"default-arg","locations":[{"start":{"line":8,"column":48},"end":{"line":8,"column":50}}],"line":8},"2":{"loc":{"start":{"line":9,"column":2},"end":{"line":19,"column":3}},"type":"switch","locations":[{"start":{"line":10,"column":4},"end":{"line":15,"column":8}},{"start":{"line":17,"column":4},"end":{"line":18,"column":19}}],"line":9}},"s":{"0":1,"1":1,"2":2,"3":1,"4":1},"f":{"0":2},"b":{"0":[1],"1":[1],"2":[1,1]},"_coverageSchema":"1a1c01bbd47fc00a2c39e90264f33305004495a9","hash":"81473f0b8b3d6b4c2dfe87ee29fd5f39a2ef820e"}
}
